[2024-12-25 20:21:15] User not logged in
[2024-12-25 20:21:27] User not logged in
[2024-12-25 20:21:47] User not logged in
[2024-12-25 20:21:51] User not logged in
[2024-12-26 10:34:48] User not logged in
[2024-12-26 10:35:05] User not logged in
[2024-12-26 10:35:57] Action: count, User ID: 0
[2024-12-26 10:36:04] Action: count, User ID: 0
[2024-12-26 10:36:06] Action: count, User ID: 0
[2024-12-26 10:36:09] Action: count, User ID: 0
[2024-12-26 10:36:10] Action: add, User ID: 0
[2024-12-26 10:36:10] Adding to cart - Product ID: 1, Quantity: 1, Size: null
[2024-12-26 10:36:10] SQL Query: SELECT cart_id, quantity FROM cart WHERE user_id = ? AND product_id = ? AND (size_option = ? OR (size_option IS NULL AND ? IS NULL))
Parameters: Array
(
    [0] => 0
    [1] => 1
    [2] => 
    [3] => 
)

[2024-12-26 10:36:10] Inserting new cart item
[2024-12-26 10:36:10] SQL Query: INSERT INTO cart (user_id, product_id, quantity, size_option) VALUES (?, ?, ?, ?)
Parameters: Array
(
    [0] => 0
    [1] => 1
    [2] => 1
    [3] => 
)

[2024-12-26 10:36:10] Cart operation successful
[2024-12-26 10:36:10] Action: count, User ID: 0
[2024-12-26 10:36:12] Action: get, User ID: 0
[2024-12-26 10:36:12] Action: count, User ID: 0
[2024-12-26 10:36:38] Action: update_quantity, User ID: 0
[2024-12-26 10:36:38] Action: get, User ID: 0
[2024-12-26 10:36:38] Action: count, User ID: 0
[2024-12-26 10:36:51] Action: update_quantity, User ID: 0
[2024-12-26 10:36:51] Action: get, User ID: 0
[2024-12-26 10:36:51] Action: count, User ID: 0
[2024-12-26 10:37:00] Action: count, User ID: 0
[2024-12-26 10:37:42] Action: count, User ID: 0
[2024-12-26 10:37:43] Action: count, User ID: 0
[2024-12-26 10:38:04] Action: count, User ID: 0
[2024-12-26 10:38:08] Action: count, User ID: 0
[2024-12-26 10:38:16] Action: count, User ID: 0
[2024-12-26 10:38:20] Action: count, User ID: 0
[2024-12-26 10:38:24] Action: count, User ID: 0
[2024-12-26 10:38:38] Action: count, User ID: 0
[2024-12-26 10:39:14] Action: count, User ID: 0
[2024-12-26 10:39:16] Action: count, User ID: 0
[2024-12-26 10:39:22] Action: count, User ID: 0
[2024-12-26 10:39:49] Action: count, User ID: 0
[2024-12-26 10:40:00] Action: count, User ID: 0
[2024-12-26 10:40:04] Action: count, User ID: 0
[2024-12-26 10:40:11] Action: count, User ID: 0
[2024-12-26 10:44:33] Action: count, User ID: 0
[2024-12-26 10:45:05] Action: count, User ID: 0
[2024-12-26 10:45:14] Action: count, User ID: 0
[2024-12-26 10:45:56] Action: count, User ID: 0
[2024-12-26 10:45:58] Action: count, User ID: 0
[2024-12-26 10:46:01] User not logged in
[2024-12-26 10:46:04] User not logged in
[2024-12-26 10:46:56] User not logged in
[2024-12-26 10:51:45] User not logged in
[2024-12-26 10:52:15] User not logged in
[2024-12-26 10:52:20] User not logged in
[2024-12-26 10:53:47] User not logged in
[2024-12-26 10:54:22] User not logged in
[2024-12-26 10:54:50] Action: count, User ID: 0
[2024-12-26 10:55:14] Action: count, User ID: 0
[2024-12-26 10:55:19] Action: count, User ID: 0
[2024-12-26 10:56:08] Action: count, User ID: 0
[2024-12-26 10:56:20] Action: count, User ID: 0
[2024-12-26 10:57:37] Action: count, User ID: 0
[2024-12-26 10:57:40] Action: count, User ID: 0
[2024-12-26 10:57:41] Action: count, User ID: 0
[2024-12-26 10:59:21] Action: count, User ID: 0
[2024-12-26 10:59:28] Action: count, User ID: 0
[2024-12-26 10:59:40] Action: count, User ID: 0
[2024-12-26 10:59:42] Action: count, User ID: 0
[2024-12-26 10:59:44] Action: count, User ID: 0
[2024-12-26 10:59:45] Action: count, User ID: 0
[2024-12-26 10:59:49] Action: count, User ID: 0
[2024-12-26 10:59:52] Action: count, User ID: 0
[2024-12-26 10:59:53] Action: count, User ID: 0
[2024-12-26 10:59:54] Action: count, User ID: 0
[2024-12-26 10:59:56] Action: count, User ID: 0
[2024-12-26 10:59:58] Action: count, User ID: 0
[2024-12-26 11:02:21] Action: count, User ID: 0
[2024-12-26 11:03:37] Action: count, User ID: 0
[2024-12-26 11:04:00] Action: count, User ID: 0
[2024-12-26 11:04:39] Action: count, User ID: 0
[2024-12-26 11:04:41] Action: count, User ID: 0
[2024-12-26 11:04:48] Action: count, User ID: 0
[2024-12-26 11:04:49] Action: count, User ID: 0
[2024-12-26 11:04:50] Action: count, User ID: 0
[2024-12-26 11:04:52] Action: count, User ID: 0
[2024-12-26 11:05:06] Action: count, User ID: 0
[2024-12-26 11:07:14] Action: count, User ID: 0
[2024-12-26 11:08:55] Action: count, User ID: 0
[2024-12-26 11:08:59] Action: count, User ID: 0
[2024-12-26 11:09:06] Action: count, User ID: 0
[2024-12-26 11:09:17] Action: count, User ID: 0
[2024-12-26 11:09:27] Action: count, User ID: 0
[2024-12-26 11:09:30] Action: count, User ID: 0
[2024-12-26 11:09:31] Action: count, User ID: 0
[2024-12-26 11:09:31] Action: count, User ID: 0
[2024-12-26 11:09:32] Action: count, User ID: 0
[2024-12-26 11:09:33] Action: count, User ID: 0
[2024-12-26 11:09:34] Action: count, User ID: 0
[2024-12-26 11:09:35] Action: count, User ID: 0
[2024-12-26 11:09:36] Action: count, User ID: 0
[2024-12-26 11:09:38] Action: count, User ID: 0
[2024-12-26 11:09:42] Action: count, User ID: 0
[2024-12-26 11:09:43] Action: count, User ID: 0
[2024-12-26 11:09:44] Action: count, User ID: 0
[2024-12-26 11:09:50] Action: count, User ID: 0
[2024-12-26 11:38:56] Action: add, User ID: 0
[2024-12-26 11:38:56] Adding to cart - Product ID: 2, Quantity: 1, Size: null
[2024-12-26 11:38:56] SQL Query: SELECT cart_id, quantity FROM cart WHERE user_id = ? AND product_id = ? AND (size_option = ? OR (size_option IS NULL AND ? IS NULL))
Parameters: Array
(
    [0] => 0
    [1] => 2
    [2] => 
    [3] => 
)

[2024-12-26 11:38:56] Inserting new cart item
[2024-12-26 11:38:56] SQL Query: INSERT INTO cart (user_id, product_id, quantity, size_option) VALUES (?, ?, ?, ?)
Parameters: Array
(
    [0] => 0
    [1] => 2
    [2] => 1
    [3] => 
)

[2024-12-26 11:38:56] Cart operation successful
[2024-12-26 11:38:56] Action: count, User ID: 0
[2024-12-26 11:38:57] Action: count, User ID: 0
[2024-12-26 11:38:57] Action: get, User ID: 0
[2024-12-26 11:39:17] Action: update_quantity, User ID: 0
[2024-12-26 11:39:17] Action: get, User ID: 0
[2024-12-26 11:39:17] Action: count, User ID: 0
[2024-12-26 11:39:29] User not logged in
[2024-12-26 11:39:32] User not logged in
[2024-12-26 11:39:43] Action: count, User ID: 0
[2024-12-26 11:39:46] Action: count, User ID: 0
[2024-12-26 11:39:47] Action: add, User ID: 0
[2024-12-26 11:39:47] Adding to cart - Product ID: 2, Quantity: 1, Size: null
[2024-12-26 11:39:47] SQL Query: SELECT cart_id, quantity FROM cart WHERE user_id = ? AND product_id = ? AND (size_option = ? OR (size_option IS NULL AND ? IS NULL))
Parameters: Array
(
    [0] => 0
    [1] => 2
    [2] => 
    [3] => 
)

[2024-12-26 11:39:47] Updating quantity to 3 for cart_id: 2
[2024-12-26 11:39:47] SQL Query: UPDATE cart SET quantity = ? WHERE cart_id = ?
Parameters: Array
(
    [0] => 3
    [1] => 2
)

[2024-12-26 11:39:47] Cart operation successful
[2024-12-26 11:39:47] Action: count, User ID: 0
[2024-12-26 11:39:48] Action: count, User ID: 0
[2024-12-26 11:39:48] Action: get, User ID: 0
[2024-12-26 11:39:58] Action: update_quantity, User ID: 0
[2024-12-26 11:39:59] Action: get, User ID: 0
[2024-12-26 11:39:59] Action: count, User ID: 0
[2024-12-26 11:45:11] Action: count, User ID: 0
[2024-12-26 11:45:28] Action: count, User ID: 0
[2024-12-26 11:47:00] Action: count, User ID: 0
[2024-12-26 11:47:05] Action: count, User ID: 0
[2024-12-26 11:47:17] Action: count, User ID: 0
[2024-12-26 11:47:27] Action: count, User ID: 0
[2024-12-26 11:48:03] Action: count, User ID: 0
[2024-12-26 11:48:04] Action: count, User ID: 0
[2024-12-26 11:50:07] Action: count, User ID: 0
[2024-12-26 11:50:25] Action: count, User ID: 0
[2024-12-26 11:50:34] Action: count, User ID: 0
[2024-12-26 11:50:35] Action: count, User ID: 0
[2024-12-26 11:50:37] Action: count, User ID: 0
[2024-12-26 11:50:44] Action: count, User ID: 0
[2024-12-26 11:51:47] Action: count, User ID: 0
[2024-12-26 11:53:10] Action: count, User ID: 0
[2024-12-26 11:53:55] Action: count, User ID: 0
[2024-12-26 11:54:00] Action: count, User ID: 0
[2024-12-26 11:54:00] Action: get, User ID: 0
[2024-12-26 11:54:04] Action: count, User ID: 0
[2024-12-26 11:54:04] Action: count, User ID: 0
[2024-12-26 11:54:06] Action: count, User ID: 0
[2024-12-26 11:54:06] Action: count, User ID: 0
[2024-12-26 11:54:08] Action: count, User ID: 0
[2024-12-26 11:54:08] Action: get, User ID: 0
[2024-12-26 11:54:13] Action: count, User ID: 0
[2024-12-26 11:54:13] Action: count, User ID: 0
[2024-12-26 11:54:21] Action: count, User ID: 0
[2024-12-26 11:54:21] Action: get, User ID: 0
[2024-12-26 11:54:24] Action: count, User ID: 0
[2024-12-26 11:54:24] Action: count, User ID: 0
[2024-12-26 11:54:26] Action: count, User ID: 0
[2024-12-26 11:54:26] Action: get, User ID: 0
[2024-12-26 12:04:40] Action: count, User ID: 0
[2024-12-26 12:04:41] Action: get, User ID: 0
[2024-12-26 12:07:03] Action: get, User ID: 0
[2024-12-26 12:07:03] Action: count, User ID: 0
[2024-12-26 12:07:03] Action: get, User ID: 0
[2024-12-26 12:07:22] Action: count, User ID: 0
[2024-12-26 12:07:22] Action: count, User ID: 0
[2024-12-26 12:07:25] Action: get, User ID: 0
[2024-12-26 12:07:25] Action: count, User ID: 0
[2024-12-26 12:07:25] Action: get, User ID: 0
[2024-12-26 12:07:33] Action: update_quantity, User ID: 0
[2024-12-26 12:07:33] Action: count, User ID: 0
[2024-12-26 12:07:33] Action: get, User ID: 0
[2024-12-26 12:07:34] Action: update_quantity, User ID: 0
[2024-12-26 12:07:34] Action: get, User ID: 0
[2024-12-26 12:07:34] Action: count, User ID: 0
[2024-12-26 12:07:41] Action: update_quantity, User ID: 0
[2024-12-26 12:07:41] Action: get, User ID: 0
[2024-12-26 12:07:41] Action: count, User ID: 0
[2024-12-26 12:08:18] Action: count, User ID: 0
[2024-12-26 12:08:25] Action: get, User ID: 0
[2024-12-26 12:08:25] Action: count, User ID: 0
[2024-12-26 12:08:25] Action: get, User ID: 0
[2024-12-26 12:08:27] Action: count, User ID: 0
[2024-12-26 12:08:36] Action: count, User ID: 0
[2024-12-26 12:08:55] Action: count, User ID: 0
[2024-12-26 12:08:59] Action: get, User ID: 0
[2024-12-26 12:08:59] Action: count, User ID: 0
[2024-12-26 12:08:59] Action: get, User ID: 0
[2024-12-26 12:12:40] Action: get, User ID: 0
[2024-12-26 12:12:40] Action: count, User ID: 0
[2024-12-26 12:12:40] Action: get, User ID: 0
[2024-12-26 12:12:52] Action: get, User ID: 0
[2024-12-26 12:12:52] Action: count, User ID: 0
[2024-12-26 12:12:52] Action: get, User ID: 0
[2024-12-26 12:13:01] Action: get, User ID: 0
[2024-12-26 12:13:01] Action: count, User ID: 0
[2024-12-26 12:13:01] Action: get, User ID: 0
[2024-12-26 12:13:17] Action: count, User ID: 0
[2024-12-26 12:13:17] Action: count, User ID: 0
[2024-12-26 12:13:19] Action: count, User ID: 0
[2024-12-26 12:13:21] Action: add, User ID: 0
[2024-12-26 12:13:21] Adding to cart - Product ID: 2, Quantity: 1, Size: null
[2024-12-26 12:13:21] SQL Query: SELECT cart_id, quantity FROM cart WHERE user_id = ? AND product_id = ? AND (size_option = ? OR (size_option IS NULL AND ? IS NULL))
Parameters: Array
(
    [0] => 0
    [1] => 2
    [2] => 
    [3] => 
)

[2024-12-26 12:13:21] Updating quantity to 4 for cart_id: 2
[2024-12-26 12:13:21] SQL Query: UPDATE cart SET quantity = ? WHERE cart_id = ?
Parameters: Array
(
    [0] => 4
    [1] => 2
)

[2024-12-26 12:13:21] Cart operation successful
[2024-12-26 12:13:21] Action: count, User ID: 0
[2024-12-26 12:13:22] Action: count, User ID: 0
[2024-12-26 12:13:22] Action: get, User ID: 0
[2024-12-26 12:13:22] Action: get, User ID: 0
[2024-12-26 12:13:24] Action: remove, User ID: 0
[2024-12-26 12:13:24] Action: get, User ID: 0
[2024-12-26 12:13:24] Action: count, User ID: 0
[2024-12-26 12:13:25] Action: remove, User ID: 0
[2024-12-26 12:13:25] Action: count, User ID: 0
[2024-12-26 12:13:25] Action: get, User ID: 0
[2024-12-26 12:13:27] Action: count, User ID: 0
[2024-12-26 12:13:27] Action: count, User ID: 0
[2024-12-26 12:13:28] Action: count, User ID: 0
[2024-12-26 12:13:31] Action: add, User ID: 0
[2024-12-26 12:13:31] Adding to cart - Product ID: 2, Quantity: 1, Size: null
[2024-12-26 12:13:31] SQL Query: SELECT cart_id, quantity FROM cart WHERE user_id = ? AND product_id = ? AND (size_option = ? OR (size_option IS NULL AND ? IS NULL))
Parameters: Array
(
    [0] => 0
    [1] => 2
    [2] => 
    [3] => 
)

[2024-12-26 12:13:31] Inserting new cart item
[2024-12-26 12:13:31] SQL Query: INSERT INTO cart (user_id, product_id, quantity, size_option) VALUES (?, ?, ?, ?)
Parameters: Array
(
    [0] => 0
    [1] => 2
    [2] => 1
    [3] => 
)

[2024-12-26 12:13:31] Cart operation successful
[2024-12-26 12:13:31] Action: count, User ID: 0
[2024-12-26 12:13:32] Action: get, User ID: 0
[2024-12-26 12:13:32] Action: count, User ID: 0
[2024-12-26 12:13:32] Action: get, User ID: 0
[2024-12-26 12:13:36] Action: count, User ID: 0
[2024-12-26 12:13:36] Action: get, User ID: 0
[2024-12-26 12:13:36] Action: get, User ID: 0
[2024-12-26 12:14:43] Action: get, User ID: 0
[2024-12-26 12:14:43] Action: count, User ID: 0
[2024-12-26 12:14:43] Action: get, User ID: 0
[2024-12-26 12:14:45] Action: get, User ID: 0
[2024-12-26 12:14:45] Action: count, User ID: 0
[2024-12-26 12:14:45] Action: get, User ID: 0
[2024-12-26 12:14:46] Action: get, User ID: 0
[2024-12-26 12:14:46] Action: count, User ID: 0
[2024-12-26 12:14:46] Action: get, User ID: 0
[2024-12-26 12:17:14] Action: get, User ID: 0
[2024-12-26 12:17:14] Action: get, User ID: 0
[2024-12-26 12:17:14] Action: count, User ID: 0
[2024-12-26 12:17:32] Action: get, User ID: 0
[2024-12-26 12:17:32] Action: count, User ID: 0
[2024-12-26 12:17:33] Action: get, User ID: 0
[2024-12-26 12:21:03] Action: count, User ID: 0
[2024-12-26 12:21:22] Action: count, User ID: 0
[2024-12-26 12:21:32] Action: count, User ID: 0
[2024-12-26 12:21:39] Action: count, User ID: 0
[2024-12-26 12:22:00] Action: count, User ID: 0
[2024-12-26 12:22:00] Action: count, User ID: 0
[2024-12-26 12:22:01] Action: count, User ID: 0
[2024-12-26 12:22:01] Action: get, User ID: 0
[2024-12-26 12:22:01] Action: get, User ID: 0
[2024-12-26 12:23:19] Action: count, User ID: 0
[2024-12-26 12:23:28] Action: get, User ID: 0
[2024-12-26 12:23:28] Action: count, User ID: 0
[2024-12-26 12:23:28] Action: get, User ID: 0
[2024-12-26 12:27:39] Action: get, User ID: 0
[2024-12-26 12:27:39] Action: count, User ID: 0
[2024-12-26 12:27:39] Action: get, User ID: 0
[2024-12-26 12:27:57] Action: count, User ID: 0
[2024-12-26 12:27:57] Action: count, User ID: 0
[2024-12-26 12:28:02] Action: count, User ID: 0
[2024-12-26 12:28:02] Action: get, User ID: 0
[2024-12-26 12:28:02] Action: get, User ID: 0
[2024-12-26 12:29:49] Action: get, User ID: 0
[2024-12-26 12:29:49] Action: count, User ID: 0
[2024-12-26 12:29:49] Action: get, User ID: 0
[2024-12-26 12:39:02] Action: get, User ID: 0
[2024-12-26 12:39:02] Action: count, User ID: 0
[2024-12-26 12:39:02] Action: get, User ID: 0
[2024-12-26 12:39:27] Action: count, User ID: 0
[2024-12-26 12:39:27] Action: count, User ID: 0
[2024-12-26 12:39:28] Action: count, User ID: 0
[2024-12-26 12:39:28] Action: count, User ID: 0
[2024-12-26 12:39:29] User not logged in
[2024-12-26 12:39:36] User not logged in
[2024-12-26 12:39:36] User not logged in
[2024-12-26 12:39:46] Action: count, User ID: 0
[2024-12-26 12:39:56] Action: count, User ID: 0
[2024-12-26 12:39:56] Action: get, User ID: 0
[2024-12-26 12:39:57] Action: get, User ID: 0
[2024-12-26 12:40:05] Action: update_quantity, User ID: 0
[2024-12-26 12:40:05] Action: get, User ID: 0
[2024-12-26 12:40:05] Action: count, User ID: 0
[2024-12-26 12:42:05] Action: count, User ID: 0
[2024-12-26 12:42:05] Action: count, User ID: 0
[2024-12-26 12:42:27] Action: count, User ID: 0
[2024-12-26 12:42:27] Action: count, User ID: 0
[2024-12-26 12:42:30] Action: count, User ID: 0
[2024-12-26 12:42:30] Action: get, User ID: 0
[2024-12-26 12:42:30] Action: get, User ID: 0
[2024-12-26 12:42:32] Action: count, User ID: 0
[2024-12-26 12:42:32] Action: count, User ID: 0
[2024-12-26 12:42:32] Action: count, User ID: 0
[2024-12-26 12:42:36] Action: add, User ID: 0
[2024-12-26 12:42:36] Adding to cart - Product ID: 1, Quantity: 1, Size: null
[2024-12-26 12:42:36] SQL Query: SELECT cart_id, quantity FROM cart WHERE user_id = ? AND product_id = ? AND (size_option = ? OR (size_option IS NULL AND ? IS NULL))
Parameters: Array
(
    [0] => 0
    [1] => 1
    [2] => 
    [3] => 
)

[2024-12-26 12:42:36] Inserting new cart item
[2024-12-26 12:42:36] SQL Query: INSERT INTO cart (user_id, product_id, quantity, size_option) VALUES (?, ?, ?, ?)
Parameters: Array
(
    [0] => 0
    [1] => 1
    [2] => 1
    [3] => 
)

[2024-12-26 12:42:36] Cart operation successful
[2024-12-26 12:42:36] Action: count, User ID: 0
[2024-12-26 12:42:37] Action: count, User ID: 0
[2024-12-26 12:42:37] Action: get, User ID: 0
[2024-12-26 12:42:37] Action: get, User ID: 0
[2024-12-26 12:56:30] Action: get, User ID: 0
[2024-12-26 12:56:30] Action: count, User ID: 0
[2024-12-26 12:56:30] Action: get, User ID: 0
[2024-12-26 13:33:11] Action: count, User ID: 0
[2024-12-26 13:33:11] Action: count, User ID: 0
[2024-12-26 13:33:35] Action: count, User ID: 0
[2024-12-26 13:33:53] Action: count, User ID: 0
[2024-12-26 13:34:02] Action: get, User ID: 0
[2024-12-26 13:34:02] Action: count, User ID: 0
[2024-12-26 13:34:02] Action: get, User ID: 0
[2024-12-26 13:34:04] Action: count, User ID: 0
[2024-12-26 13:34:04] Action: count, User ID: 0
[2024-12-26 13:36:45] Action: count, User ID: 0
[2024-12-26 13:36:45] Action: count, User ID: 0
[2024-12-26 13:36:47] Action: count, User ID: 0
[2024-12-26 13:36:48] Action: add, User ID: 0
[2024-12-26 13:36:48] Adding to cart - Product ID: 2, Quantity: 1, Size: null
[2024-12-26 13:36:48] SQL Query: SELECT cart_id, quantity FROM cart WHERE user_id = ? AND product_id = ? AND (size_option = ? OR (size_option IS NULL AND ? IS NULL))
Parameters: Array
(
    [0] => 0
    [1] => 2
    [2] => 
    [3] => 
)

[2024-12-26 13:36:48] Inserting new cart item
[2024-12-26 13:36:48] SQL Query: INSERT INTO cart (user_id, product_id, quantity, size_option) VALUES (?, ?, ?, ?)
Parameters: Array
(
    [0] => 0
    [1] => 2
    [2] => 1
    [3] => 
)

[2024-12-26 13:36:48] Cart operation successful
[2024-12-26 13:36:48] Action: count, User ID: 0
[2024-12-26 13:36:49] Action: get, User ID: 0
[2024-12-26 13:36:49] Action: count, User ID: 0
[2024-12-26 13:36:49] Action: get, User ID: 0
[2024-12-26 13:36:59] Action: count, User ID: 0
[2024-12-26 13:39:13] Action: count, User ID: 0
[2024-12-26 13:39:39] Action: count, User ID: 0
[2024-12-26 13:39:56] Action: count, User ID: 0
[2024-12-26 13:41:38] Action: count, User ID: 0
[2024-12-26 13:42:15] Action: count, User ID: 0
[2024-12-26 13:43:39] Action: count, User ID: 0
[2024-12-26 13:43:43] Action: count, User ID: 0
[2024-12-26 13:46:47] Action: count, User ID: 0
[2024-12-26 13:46:54] Action: count, User ID: 0
[2024-12-26 13:47:01] Action: count, User ID: 0
[2024-12-26 13:47:15] Action: count, User ID: 0
[2024-12-26 13:47:27] Action: count, User ID: 0
[2024-12-26 13:47:40] Action: count, User ID: 0
[2024-12-26 13:48:09] Action: count, User ID: 0
[2024-12-26 13:48:41] Action: count, User ID: 0
[2024-12-26 13:49:21] Action: count, User ID: 0
[2024-12-26 13:49:35] Action: count, User ID: 0
[2024-12-26 13:49:35] Action: count, User ID: 0
[2024-12-26 13:49:41] Action: count, User ID: 0
[2024-12-26 13:49:54] Action: count, User ID: 0
[2024-12-26 13:52:02] Action: count, User ID: 0
[2024-12-26 13:52:25] Action: get, User ID: 0
[2024-12-26 13:52:25] Action: count, User ID: 0
[2024-12-26 13:52:25] Action: get, User ID: 0
[2024-12-26 13:52:27] Action: count, User ID: 0
[2024-12-26 13:52:27] Action: count, User ID: 0
[2024-12-26 13:52:39] Action: count, User ID: 0
[2024-12-26 13:52:39] Action: get, User ID: 0
[2024-12-26 13:52:39] Action: get, User ID: 0
[2024-12-26 13:52:41] Action: count, User ID: 0
[2024-12-26 13:52:41] Action: count, User ID: 0
[2024-12-26 13:53:06] Action: count, User ID: 0
[2024-12-26 13:53:06] Action: count, User ID: 0
[2024-12-26 13:53:08] Action: get, User ID: 0
[2024-12-26 13:53:08] Action: count, User ID: 0
[2024-12-26 13:53:08] Action: get, User ID: 0
[2024-12-26 13:53:12] Action: get, User ID: 0
[2024-12-26 13:53:12] Action: get, User ID: 0
[2024-12-26 13:53:12] Action: count, User ID: 0
[2024-12-26 13:53:18] Action: count, User ID: 0
[2024-12-26 13:53:18] Action: count, User ID: 0
[2024-12-26 13:53:22] Action: count, User ID: 0
[2024-12-26 13:53:22] Action: count, User ID: 0
[2024-12-26 13:53:23] Action: get, User ID: 0
[2024-12-26 13:53:23] Action: count, User ID: 0
[2024-12-26 13:53:23] Action: get, User ID: 0
[2024-12-26 13:53:25] Action: get, User ID: 0
[2024-12-26 13:53:25] Action: get, User ID: 0
[2024-12-26 13:53:25] Action: count, User ID: 0
[2024-12-26 13:53:27] Action: count, User ID: 0
[2024-12-26 13:53:27] Action: count, User ID: 0
[2024-12-26 13:53:30] Action: count, User ID: 0
[2024-12-26 13:53:30] Action: count, User ID: 0
[2024-12-26 13:53:32] Action: get, User ID: 0
[2024-12-26 13:53:32] Action: get, User ID: 0
[2024-12-26 13:53:32] Action: count, User ID: 0
[2024-12-26 13:53:35] Action: get, User ID: 0
[2024-12-26 13:53:35] Action: count, User ID: 0
[2024-12-26 13:53:35] Action: get, User ID: 0
[2024-12-26 13:58:05] Action: count, User ID: 0
[2024-12-26 13:58:46] User not logged in
[2024-12-26 14:02:43] Action: count, User ID: 0
[2024-12-26 14:02:54] Action: count, User ID: 0
[2024-12-26 14:02:54] Action: count, User ID: 0
[2024-12-26 14:02:58] Action: add, User ID: 0
[2024-12-26 14:02:58] Adding to cart - Product ID: 2, Quantity: 1, Size: null
[2024-12-26 14:02:58] SQL Query: SELECT cart_id, quantity FROM cart WHERE user_id = ? AND product_id = ? AND (size_option = ? OR (size_option IS NULL AND ? IS NULL))
Parameters: Array
(
    [0] => 0
    [1] => 2
    [2] => 
    [3] => 
)

[2024-12-26 14:02:58] Updating quantity to 2 for cart_id: 5
[2024-12-26 14:02:58] SQL Query: UPDATE cart SET quantity = ? WHERE cart_id = ?
Parameters: Array
(
    [0] => 2
    [1] => 5
)

[2024-12-26 14:02:58] Cart operation successful
[2024-12-26 14:02:58] Action: count, User ID: 0
[2024-12-26 14:02:59] Action: count, User ID: 0
[2024-12-26 14:03:01] Action: add, User ID: 0
[2024-12-26 14:03:01] Adding to cart - Product ID: 1, Quantity: 1, Size: null
[2024-12-26 14:03:01] SQL Query: SELECT cart_id, quantity FROM cart WHERE user_id = ? AND product_id = ? AND (size_option = ? OR (size_option IS NULL AND ? IS NULL))
Parameters: Array
(
    [0] => 0
    [1] => 1
    [2] => 
    [3] => 
)

[2024-12-26 14:03:01] Inserting new cart item
[2024-12-26 14:03:01] SQL Query: INSERT INTO cart (user_id, product_id, quantity, size_option) VALUES (?, ?, ?, ?)
Parameters: Array
(
    [0] => 0
    [1] => 1
    [2] => 1
    [3] => 
)

[2024-12-26 14:03:01] Cart operation successful
[2024-12-26 14:03:01] Action: count, User ID: 0
[2024-12-26 14:03:02] Action: count, User ID: 0
[2024-12-26 14:03:02] Action: add, User ID: 0
[2024-12-26 14:03:02] Adding to cart - Product ID: 1, Quantity: 1, Size: null
[2024-12-26 14:03:02] SQL Query: SELECT cart_id, quantity FROM cart WHERE user_id = ? AND product_id = ? AND (size_option = ? OR (size_option IS NULL AND ? IS NULL))
Parameters: Array
(
    [0] => 0
    [1] => 1
    [2] => 
    [3] => 
)

[2024-12-26 14:03:02] Updating quantity to 2 for cart_id: 6
[2024-12-26 14:03:02] SQL Query: UPDATE cart SET quantity = ? WHERE cart_id = ?
Parameters: Array
(
    [0] => 2
    [1] => 6
)

[2024-12-26 14:03:02] Cart operation successful
[2024-12-26 14:03:02] Action: count, User ID: 0
[2024-12-26 14:03:03] Action: count, User ID: 0
[2024-12-26 14:03:06] Action: count, User ID: 0
[2024-12-26 14:03:09] Action: get, User ID: 0
[2024-12-26 14:03:09] Action: count, User ID: 0
[2024-12-26 14:03:09] Action: get, User ID: 0
[2024-12-26 14:03:11] Action: remove, User ID: 0
[2024-12-26 14:03:11] Action: get, User ID: 0
[2024-12-26 14:03:11] Action: count, User ID: 0
[2024-12-26 14:03:12] Action: remove, User ID: 0
[2024-12-26 14:03:12] Action: count, User ID: 0
[2024-12-26 14:03:12] Action: get, User ID: 0
[2024-12-26 14:03:18] Action: count, User ID: 0
[2024-12-26 14:03:18] Action: count, User ID: 0
[2024-12-26 14:03:37] Action: count, User ID: 0
[2024-12-26 14:03:37] Action: count, User ID: 0
[2024-12-26 14:05:05] Action: add, User ID: 0
[2024-12-26 14:05:05] Adding to cart - Product ID: 2, Quantity: 1, Size: null
[2024-12-26 14:05:05] SQL Query: SELECT cart_id, quantity FROM cart WHERE user_id = ? AND product_id = ? AND (size_option = ? OR (size_option IS NULL AND ? IS NULL))
Parameters: Array
(
    [0] => 0
    [1] => 2
    [2] => 
    [3] => 
)

[2024-12-26 14:05:05] Inserting new cart item
[2024-12-26 14:05:05] SQL Query: INSERT INTO cart (user_id, product_id, quantity, size_option) VALUES (?, ?, ?, ?)
Parameters: Array
(
    [0] => 0
    [1] => 2
    [2] => 1
    [3] => 
)

[2024-12-26 14:05:05] Cart operation successful
[2024-12-26 14:05:05] Action: count, User ID: 0
[2024-12-26 14:05:06] Action: count, User ID: 0
[2024-12-26 14:05:07] Action: count, User ID: 0
[2024-12-26 14:05:07] Action: count, User ID: 0
[2024-12-26 14:05:08] Action: add, User ID: 0
[2024-12-26 14:05:08] Adding to cart - Product ID: 2, Quantity: 1, Size: null
[2024-12-26 14:05:08] SQL Query: SELECT cart_id, quantity FROM cart WHERE user_id = ? AND product_id = ? AND (size_option = ? OR (size_option IS NULL AND ? IS NULL))
Parameters: Array
(
    [0] => 0
    [1] => 2
    [2] => 
    [3] => 
)

[2024-12-26 14:05:08] Updating quantity to 2 for cart_id: 7
[2024-12-26 14:05:08] SQL Query: UPDATE cart SET quantity = ? WHERE cart_id = ?
Parameters: Array
(
    [0] => 2
    [1] => 7
)

[2024-12-26 14:05:08] Cart operation successful
[2024-12-26 14:05:08] Action: count, User ID: 0
[2024-12-26 14:05:09] Action: count, User ID: 0
[2024-12-26 14:05:11] Action: add, User ID: 0
[2024-12-26 14:05:11] Adding to cart - Product ID: 2, Quantity: 1, Size: null
[2024-12-26 14:05:11] SQL Query: SELECT cart_id, quantity FROM cart WHERE user_id = ? AND product_id = ? AND (size_option = ? OR (size_option IS NULL AND ? IS NULL))
Parameters: Array
(
    [0] => 0
    [1] => 2
    [2] => 
    [3] => 
)

[2024-12-26 14:05:11] Updating quantity to 3 for cart_id: 7
[2024-12-26 14:05:11] SQL Query: UPDATE cart SET quantity = ? WHERE cart_id = ?
Parameters: Array
(
    [0] => 3
    [1] => 7
)

[2024-12-26 14:05:11] Cart operation successful
[2024-12-26 14:05:11] Action: count, User ID: 0
[2024-12-26 14:05:12] Action: count, User ID: 0
[2024-12-26 14:05:13] Action: count, User ID: 0
[2024-12-26 14:05:13] Action: count, User ID: 0
[2024-12-26 14:05:14] Action: add, User ID: 0
[2024-12-26 14:05:14] Adding to cart - Product ID: 2, Quantity: 1, Size: null
[2024-12-26 14:05:14] SQL Query: SELECT cart_id, quantity FROM cart WHERE user_id = ? AND product_id = ? AND (size_option = ? OR (size_option IS NULL AND ? IS NULL))
Parameters: Array
(
    [0] => 0
    [1] => 2
    [2] => 
    [3] => 
)

[2024-12-26 14:05:14] Updating quantity to 4 for cart_id: 7
[2024-12-26 14:05:14] SQL Query: UPDATE cart SET quantity = ? WHERE cart_id = ?
Parameters: Array
(
    [0] => 4
    [1] => 7
)

[2024-12-26 14:05:14] Cart operation successful
[2024-12-26 14:05:15] Action: count, User ID: 0
[2024-12-26 14:05:16] Action: count, User ID: 0
[2024-12-26 14:05:17] Action: get, User ID: 0
[2024-12-26 14:05:17] Action: get, User ID: 0
[2024-12-26 14:05:17] Action: count, User ID: 0
[2024-12-26 14:06:14] Action: update_quantity, User ID: 0
[2024-12-26 14:06:14] Action: get, User ID: 0
[2024-12-26 14:06:14] Action: count, User ID: 0
[2024-12-26 14:06:14] Action: update_quantity, User ID: 0
[2024-12-26 14:06:14] Action: count, User ID: 0
[2024-12-26 14:06:14] Action: get, User ID: 0
[2024-12-26 14:06:14] Action: update_quantity, User ID: 0
[2024-12-26 14:06:14] Action: get, User ID: 0
[2024-12-26 14:06:14] Action: count, User ID: 0
[2024-12-26 14:06:24] Action: update_quantity, User ID: 0
[2024-12-26 14:06:24] Action: get, User ID: 0
[2024-12-26 14:06:24] Action: count, User ID: 0
[2024-12-26 14:06:30] Action: count, User ID: 0
[2024-12-26 14:06:30] Action: count, User ID: 0
[2024-12-26 14:06:31] Action: add, User ID: 0
[2024-12-26 14:06:31] Adding to cart - Product ID: 2, Quantity: 1, Size: null
[2024-12-26 14:06:31] SQL Query: SELECT cart_id, quantity FROM cart WHERE user_id = ? AND product_id = ? AND (size_option = ? OR (size_option IS NULL AND ? IS NULL))
Parameters: Array
(
    [0] => 0
    [1] => 2
    [2] => 
    [3] => 
)

[2024-12-26 14:06:31] Inserting new cart item
[2024-12-26 14:06:31] SQL Query: INSERT INTO cart (user_id, product_id, quantity, size_option) VALUES (?, ?, ?, ?)
Parameters: Array
(
    [0] => 0
    [1] => 2
    [2] => 1
    [3] => 
)

[2024-12-26 14:06:31] Cart operation successful
[2024-12-26 14:06:32] Action: count, User ID: 0
[2024-12-26 14:06:33] Action: count, User ID: 0
[2024-12-26 14:06:34] Action: add, User ID: 0
[2024-12-26 14:06:34] Adding to cart - Product ID: 1, Quantity: 1, Size: null
[2024-12-26 14:06:34] SQL Query: SELECT cart_id, quantity FROM cart WHERE user_id = ? AND product_id = ? AND (size_option = ? OR (size_option IS NULL AND ? IS NULL))
Parameters: Array
(
    [0] => 0
    [1] => 1
    [2] => 
    [3] => 
)

[2024-12-26 14:06:34] Inserting new cart item
[2024-12-26 14:06:34] SQL Query: INSERT INTO cart (user_id, product_id, quantity, size_option) VALUES (?, ?, ?, ?)
Parameters: Array
(
    [0] => 0
    [1] => 1
    [2] => 1
    [3] => 
)

[2024-12-26 14:06:34] Cart operation successful
[2024-12-26 14:06:34] Action: count, User ID: 0
[2024-12-26 14:06:35] Action: count, User ID: 0
[2024-12-26 14:06:35] Action: add, User ID: 0
[2024-12-26 14:06:35] Adding to cart - Product ID: 1, Quantity: 1, Size: null
[2024-12-26 14:06:35] SQL Query: SELECT cart_id, quantity FROM cart WHERE user_id = ? AND product_id = ? AND (size_option = ? OR (size_option IS NULL AND ? IS NULL))
Parameters: Array
(
    [0] => 0
    [1] => 1
    [2] => 
    [3] => 
)

[2024-12-26 14:06:35] Updating quantity to 2 for cart_id: 9
[2024-12-26 14:06:35] SQL Query: UPDATE cart SET quantity = ? WHERE cart_id = ?
Parameters: Array
(
    [0] => 2
    [1] => 9
)

[2024-12-26 14:06:35] Cart operation successful
[2024-12-26 14:06:35] Action: count, User ID: 0
[2024-12-26 14:06:36] Action: count, User ID: 0
[2024-12-26 14:06:47] Action: count, User ID: 0
[2024-12-26 14:06:47] Action: count, User ID: 0
[2024-12-26 14:06:48] Action: add, User ID: 0
[2024-12-26 14:06:48] Adding to cart - Product ID: 1, Quantity: 1, Size: null
[2024-12-26 14:06:48] SQL Query: SELECT cart_id, quantity FROM cart WHERE user_id = ? AND product_id = ? AND (size_option = ? OR (size_option IS NULL AND ? IS NULL))
Parameters: Array
(
    [0] => 0
    [1] => 1
    [2] => 
    [3] => 
)

[2024-12-26 14:06:48] Updating quantity to 3 for cart_id: 9
[2024-12-26 14:06:48] SQL Query: UPDATE cart SET quantity = ? WHERE cart_id = ?
Parameters: Array
(
    [0] => 3
    [1] => 9
)

[2024-12-26 14:06:48] Cart operation successful
[2024-12-26 14:06:48] Action: count, User ID: 0
[2024-12-26 14:06:49] Action: count, User ID: 0
[2024-12-26 14:06:49] Action: add, User ID: 0
[2024-12-26 14:06:49] Adding to cart - Product ID: 2, Quantity: 1, Size: null
[2024-12-26 14:06:49] SQL Query: SELECT cart_id, quantity FROM cart WHERE user_id = ? AND product_id = ? AND (size_option = ? OR (size_option IS NULL AND ? IS NULL))
Parameters: Array
(
    [0] => 0
    [1] => 2
    [2] => 
    [3] => 
)

[2024-12-26 14:06:49] Updating quantity to 2 for cart_id: 8
[2024-12-26 14:06:49] SQL Query: UPDATE cart SET quantity = ? WHERE cart_id = ?
Parameters: Array
(
    [0] => 2
    [1] => 8
)

[2024-12-26 14:06:49] Cart operation successful
[2024-12-26 14:06:49] Action: count, User ID: 0
[2024-12-26 14:06:50] Action: count, User ID: 0
[2024-12-26 14:07:11] Action: count, User ID: 0
[2024-12-26 14:07:11] Action: count, User ID: 0
[2024-12-26 14:07:12] Action: count, User ID: 0
[2024-12-26 14:07:13] Action: count, User ID: 0
[2024-12-26 14:07:13] Action: count, User ID: 0
[2024-12-26 14:07:15] Action: add, User ID: 0
[2024-12-26 14:07:15] Adding to cart - Product ID: 2, Quantity: 1, Size: null
[2024-12-26 14:07:15] SQL Query: SELECT cart_id, quantity FROM cart WHERE user_id = ? AND product_id = ? AND (size_option = ? OR (size_option IS NULL AND ? IS NULL))
Parameters: Array
(
    [0] => 0
    [1] => 2
    [2] => 
    [3] => 
)

[2024-12-26 14:07:15] Updating quantity to 3 for cart_id: 8
[2024-12-26 14:07:15] SQL Query: UPDATE cart SET quantity = ? WHERE cart_id = ?
Parameters: Array
(
    [0] => 3
    [1] => 8
)

[2024-12-26 14:07:15] Cart operation successful
[2024-12-26 14:07:15] Action: count, User ID: 0
[2024-12-26 14:07:16] Action: count, User ID: 0
[2024-12-26 15:32:23] Action: get_count, User ID: 0
[2024-12-26 15:32:24] Action: count, User ID: 0
[2024-12-26 15:32:24] Action: count, User ID: 0
[2024-12-26 15:33:16] Action: , User ID: 0
[2024-12-26 15:33:17] Action: count, User ID: 0
[2024-12-26 15:33:20] Action: get, User ID: 0
[2024-12-26 15:33:20] Action: get_count, User ID: 0
[2024-12-26 15:33:20] Action: count, User ID: 0
[2024-12-26 15:33:21] Action: get, User ID: 0
[2024-12-26 15:33:22] Action: remove, User ID: 0
[2024-12-26 15:33:22] Action: count, User ID: 0
[2024-12-26 15:33:22] Action: get, User ID: 0
[2024-12-26 15:33:23] Action: remove, User ID: 0
[2024-12-26 15:33:23] Action: count, User ID: 0
[2024-12-26 15:33:23] Action: get, User ID: 0
[2024-12-26 15:33:25] Action: get_count, User ID: 0
[2024-12-26 15:33:25] Action: count, User ID: 0
[2024-12-26 15:33:25] Action: count, User ID: 0
[2024-12-26 15:33:28] Action: , User ID: 0
[2024-12-26 15:33:29] Action: count, User ID: 0
[2024-12-26 15:33:30] Action: get_count, User ID: 0
[2024-12-26 15:33:30] Action: get, User ID: 0
[2024-12-26 15:33:30] Action: get, User ID: 0
[2024-12-26 15:33:30] Action: count, User ID: 0
[2024-12-26 15:33:32] Action: count, User ID: 0
[2024-12-26 15:33:32] Action: get_count, User ID: 0
[2024-12-26 15:33:32] Action: count, User ID: 0
[2024-12-26 15:33:33] Action: , User ID: 0
[2024-12-26 15:33:35] Action: count, User ID: 0
[2024-12-26 15:33:36] Action: get_count, User ID: 0
[2024-12-26 15:33:36] Action: count, User ID: 0
[2024-12-26 15:33:36] Action: count, User ID: 0
[2024-12-26 15:33:38] Action: count, User ID: 0
[2024-12-26 15:33:38] Action: get_count, User ID: 0
[2024-12-26 15:33:38] Action: count, User ID: 0
[2024-12-26 15:33:44] Action: , User ID: 0
[2024-12-26 15:33:45] Action: count, User ID: 0
[2024-12-26 15:33:48] Action: get, User ID: 0
[2024-12-26 15:33:48] Action: count, User ID: 0
[2024-12-26 15:33:48] Action: get, User ID: 0
[2024-12-26 15:33:48] Action: get_count, User ID: 0
[2024-12-26 15:33:50] Action: count, User ID: 0
[2024-12-26 15:33:50] Action: count, User ID: 0
[2024-12-26 15:33:50] Action: get_count, User ID: 0
[2024-12-26 15:33:50] Action: get_count, User ID: 0
[2024-12-26 15:33:50] Action: get, User ID: 0
[2024-12-26 15:33:50] Action: get, User ID: 0
[2024-12-26 15:33:50] Action: count, User ID: 0
[2024-12-26 15:33:52] Action: count, User ID: 0
[2024-12-26 15:33:52] Action: get_count, User ID: 0
[2024-12-26 15:33:57] Action: , User ID: 0
[2024-12-26 15:34:03] Action: get_count, User ID: 0
[2024-12-26 15:34:03] Action: count, User ID: 0
[2024-12-26 15:34:10] Action: , User ID: 0
[2024-12-26 15:34:14] Action: count, User ID: 0
[2024-12-26 15:34:14] Action: get_count, User ID: 0
[2024-12-26 15:36:03] Action: get_count, User ID: 0
[2024-12-26 15:36:03] Action: count, User ID: 0
[2024-12-26 15:36:23] Action: get_count, User ID: 0
[2024-12-26 15:36:23] Action: count, User ID: 0
[2024-12-26 15:36:25] Action: , User ID: 0
[2024-12-26 15:36:29] Action: get_count, User ID: 0
[2024-12-26 15:36:29] Action: count, User ID: 0
[2024-12-26 15:36:41] Action: count, User ID: 0
[2024-12-26 15:36:41] Action: get_count, User ID: 0
[2024-12-26 15:36:44] Action: count, User ID: 0
[2024-12-26 15:36:44] Action: get_count, User ID: 0
[2024-12-26 15:36:44] Action: count, User ID: 0
[2024-12-26 15:36:47] Action: , User ID: 0
[2024-12-26 15:36:48] Action: count, User ID: 0
[2024-12-26 15:36:50] Action: count, User ID: 0
[2024-12-26 15:36:50] Action: count, User ID: 0
[2024-12-26 15:36:50] Action: get_count, User ID: 0
[2024-12-26 15:36:52] Action: get_count, User ID: 0
[2024-12-26 15:36:52] Action: count, User ID: 0
[2024-12-26 15:36:52] Action: count, User ID: 0
[2024-12-26 15:36:54] User not logged in
[2024-12-26 15:36:54] User not logged in
[2024-12-26 15:37:05] Action: count, User ID: 0
[2024-12-26 15:37:05] Action: get_count, User ID: 0
[2024-12-26 15:37:10] Action: , User ID: 0
[2024-12-26 15:37:46] Action: , User ID: 0
[2024-12-26 15:38:20] Action: count, User ID: 0
[2024-12-26 15:38:20] Action: get_count, User ID: 0
[2024-12-26 15:38:20] Action: count, User ID: 0
[2024-12-26 15:38:23] Action: count, User ID: 0
[2024-12-26 15:38:23] Action: get_count, User ID: 0
[2024-12-26 15:38:26] Action: , User ID: 0
[2024-12-26 15:38:28] Action: , User ID: 0
[2024-12-26 15:38:31] Action: , User ID: 0
[2024-12-26 15:38:33] Action: get, User ID: 0
[2024-12-26 15:38:33] Action: get_count, User ID: 0
[2024-12-26 15:38:33] Action: get, User ID: 0
[2024-12-26 15:38:33] Action: count, User ID: 0
[2024-12-26 15:40:01] Action: get, User ID: 0
[2024-12-26 15:40:01] Action: get, User ID: 0
[2024-12-26 15:40:01] Action: get_count, User ID: 0
[2024-12-26 15:40:01] Action: count, User ID: 0
[2024-12-26 15:40:04] Action: get_count, User ID: 0
[2024-12-26 15:40:04] Action: count, User ID: 0
[2024-12-26 15:40:04] Action: count, User ID: 0
[2024-12-26 15:52:34] Action: count, User ID: 0
[2024-12-26 15:52:34] Action: count, User ID: 0
[2024-12-26 15:52:37] Action: count, User ID: 0
[2024-12-26 15:52:38] Action: count, User ID: 0
[2024-12-26 15:52:38] Action: count, User ID: 0
[2024-12-26 15:52:39] Action: add, User ID: 0
[2024-12-26 15:52:39] Adding to cart - Product ID: 2, Quantity: 1, Size: null
[2024-12-26 15:52:39] SQL Query: SELECT cart_id, quantity FROM cart WHERE user_id = ? AND product_id = ? AND (size_option = ? OR (size_option IS NULL AND ? IS NULL))
Parameters: Array
(
    [0] => 0
    [1] => 2
    [2] => 
    [3] => 
)

[2024-12-26 15:52:39] Inserting new cart item
[2024-12-26 15:52:39] SQL Query: INSERT INTO cart (user_id, product_id, quantity, size_option) VALUES (?, ?, ?, ?)
Parameters: Array
(
    [0] => 0
    [1] => 2
    [2] => 1
    [3] => 
)

[2024-12-26 15:52:39] Cart operation successful
[2024-12-26 15:52:39] Action: count, User ID: 0
[2024-12-26 15:52:40] Action: count, User ID: 0
[2024-12-26 15:52:42] Action: add, User ID: 0
[2024-12-26 15:52:42] Adding to cart - Product ID: 1, Quantity: 1, Size: null
[2024-12-26 15:52:42] SQL Query: SELECT cart_id, quantity FROM cart WHERE user_id = ? AND product_id = ? AND (size_option = ? OR (size_option IS NULL AND ? IS NULL))
Parameters: Array
(
    [0] => 0
    [1] => 1
    [2] => 
    [3] => 
)

[2024-12-26 15:52:42] Inserting new cart item
[2024-12-26 15:52:42] SQL Query: INSERT INTO cart (user_id, product_id, quantity, size_option) VALUES (?, ?, ?, ?)
Parameters: Array
(
    [0] => 0
    [1] => 1
    [2] => 1
    [3] => 
)

[2024-12-26 15:52:42] Cart operation successful
[2024-12-26 15:52:42] Action: count, User ID: 0
[2024-12-26 15:52:43] Action: count, User ID: 0
[2024-12-26 15:52:45] Action: get, User ID: 0
[2024-12-26 15:52:45] Action: count, User ID: 0
[2024-12-26 15:52:45] Action: get, User ID: 0
[2024-12-26 15:52:59] Action: count, User ID: 0
[2024-12-26 15:52:59] Action: count, User ID: 0
[2024-12-26 15:53:00] Action: count, User ID: 0
[2024-12-26 15:53:00] Action: count, User ID: 0
[2024-12-26 15:53:02] Action: add, User ID: 0
[2024-12-26 15:53:02] Adding to cart - Product ID: 1, Quantity: 1, Size: null
[2024-12-26 15:53:02] SQL Query: SELECT cart_id, quantity FROM cart WHERE user_id = ? AND product_id = ? AND (size_option = ? OR (size_option IS NULL AND ? IS NULL))
Parameters: Array
(
    [0] => 0
    [1] => 1
    [2] => 
    [3] => 
)

[2024-12-26 15:53:02] Updating quantity to 2 for cart_id: 11
[2024-12-26 15:53:02] SQL Query: UPDATE cart SET quantity = ? WHERE cart_id = ?
Parameters: Array
(
    [0] => 2
    [1] => 11
)

[2024-12-26 15:53:02] Cart operation successful
[2024-12-26 15:53:02] Action: count, User ID: 0
[2024-12-26 15:53:03] Action: count, User ID: 0
[2024-12-26 15:53:05] Action: add, User ID: 0
[2024-12-26 15:53:05] Adding to cart - Product ID: 2, Quantity: 1, Size: null
[2024-12-26 15:53:05] SQL Query: SELECT cart_id, quantity FROM cart WHERE user_id = ? AND product_id = ? AND (size_option = ? OR (size_option IS NULL AND ? IS NULL))
Parameters: Array
(
    [0] => 0
    [1] => 2
    [2] => 
    [3] => 
)

[2024-12-26 15:53:05] Updating quantity to 2 for cart_id: 10
[2024-12-26 15:53:05] SQL Query: UPDATE cart SET quantity = ? WHERE cart_id = ?
Parameters: Array
(
    [0] => 2
    [1] => 10
)

[2024-12-26 15:53:05] Cart operation successful
[2024-12-26 15:53:05] Action: count, User ID: 0
[2024-12-26 15:53:06] Action: count, User ID: 0
[2024-12-26 15:59:17] Action: add, User ID: 0
[2024-12-26 15:59:17] Adding to cart - Product ID: 1, Quantity: 1, Size: null
[2024-12-26 15:59:17] SQL Query: SELECT cart_id, quantity FROM cart WHERE user_id = ? AND product_id = ? AND (size_option = ? OR (size_option IS NULL AND ? IS NULL))
Parameters: Array
(
    [0] => 0
    [1] => 1
    [2] => 
    [3] => 
)

[2024-12-26 15:59:17] Updating quantity to 3 for cart_id: 11
[2024-12-26 15:59:17] SQL Query: UPDATE cart SET quantity = ? WHERE cart_id = ?
Parameters: Array
(
    [0] => 3
    [1] => 11
)

[2024-12-26 15:59:17] Cart operation successful
[2024-12-26 15:59:17] Action: count, User ID: 0
[2024-12-26 15:59:18] Action: count, User ID: 0
[2024-12-26 16:31:41] Action: count, User ID: 0
[2024-12-26 16:31:41] Action: count, User ID: 0
[2024-12-26 16:31:42] Action: add, User ID: 0
[2024-12-26 16:31:42] Adding to cart - Product ID: 1, Quantity: 1, Size: null
[2024-12-26 16:31:42] SQL Query: SELECT cart_id, quantity FROM cart WHERE user_id = ? AND product_id = ? AND (size_option = ? OR (size_option IS NULL AND ? IS NULL))
Parameters: Array
(
    [0] => 0
    [1] => 1
    [2] => 
    [3] => 
)

[2024-12-26 16:31:42] Updating quantity to 4 for cart_id: 11
[2024-12-26 16:31:42] SQL Query: UPDATE cart SET quantity = ? WHERE cart_id = ?
Parameters: Array
(
    [0] => 4
    [1] => 11
)

[2024-12-26 16:31:42] Cart operation successful
[2024-12-26 16:31:42] Action: count, User ID: 0
[2024-12-26 16:31:43] Action: count, User ID: 0
[2024-12-26 16:31:45] Action: add, User ID: 0
[2024-12-26 16:31:45] Adding to cart - Product ID: 2, Quantity: 1, Size: null
[2024-12-26 16:31:45] SQL Query: SELECT cart_id, quantity FROM cart WHERE user_id = ? AND product_id = ? AND (size_option = ? OR (size_option IS NULL AND ? IS NULL))
Parameters: Array
(
    [0] => 0
    [1] => 2
    [2] => 
    [3] => 
)

[2024-12-26 16:31:45] Updating quantity to 3 for cart_id: 10
[2024-12-26 16:31:45] SQL Query: UPDATE cart SET quantity = ? WHERE cart_id = ?
Parameters: Array
(
    [0] => 3
    [1] => 10
)

[2024-12-26 16:31:45] Cart operation successful
[2024-12-26 16:31:45] Action: count, User ID: 0
[2024-12-26 16:31:46] Action: count, User ID: 0
[2024-12-26 16:32:19] Action: get, User ID: 0
[2024-12-26 16:32:19] Action: count, User ID: 0
[2024-12-26 16:32:19] Action: get, User ID: 0
[2024-12-26 16:34:07] Action: count, User ID: 0
[2024-12-26 16:34:07] Action: count, User ID: 0
[2024-12-26 16:34:17] Action: count, User ID: 0
[2024-12-26 16:34:18] Action: count, User ID: 0
[2024-12-26 16:34:23] Action: count, User ID: 0
[2024-12-26 16:34:23] Action: count, User ID: 0
[2024-12-26 16:34:38] Action: add, User ID: 0
[2024-12-26 16:34:38] Adding to cart - Product ID: 2, Quantity: 1, Size: null
[2024-12-26 16:34:38] SQL Query: SELECT cart_id, quantity FROM cart WHERE user_id = ? AND product_id = ? AND (size_option = ? OR (size_option IS NULL AND ? IS NULL))
Parameters: Array
(
    [0] => 0
    [1] => 2
    [2] => 
    [3] => 
)

[2024-12-26 16:34:38] Inserting new cart item
[2024-12-26 16:34:38] SQL Query: INSERT INTO cart (user_id, product_id, quantity, size_option) VALUES (?, ?, ?, ?)
Parameters: Array
(
    [0] => 0
    [1] => 2
    [2] => 1
    [3] => 
)

[2024-12-26 16:34:38] Cart operation successful
[2024-12-26 16:34:38] Action: count, User ID: 0
[2024-12-26 16:34:39] Action: count, User ID: 0
[2024-12-27 11:35:12] User not logged in
[2024-12-27 11:37:27] User not logged in
[2024-12-27 11:37:33] User not logged in
[2024-12-27 11:37:48] User not logged in
[2024-12-27 11:38:30] User not logged in
[2024-12-27 11:40:01] User not logged in
[2024-12-27 11:40:10] User not logged in
[2024-12-27 11:41:21] User not logged in
[2024-12-27 11:44:21] User not logged in
[2024-12-27 11:45:11] User not logged in
[2024-12-27 11:45:22] User not logged in
[2024-12-27 11:45:22] User not logged in
[2024-12-27 11:45:23] User not logged in
[2024-12-27 11:45:23] User not logged in
[2024-12-27 11:48:30] User not logged in
[2024-12-27 11:48:35] User not logged in
[2024-12-27 11:49:42] User not logged in
[2024-12-27 11:49:54] User not logged in
[2024-12-27 11:49:55] User not logged in
[2024-12-27 11:49:56] User not logged in
[2024-12-27 11:51:18] User not logged in
[2024-12-27 11:51:20] User not logged in
[2024-12-27 11:51:22] User not logged in
[2024-12-27 12:09:13] User not logged in
[2024-12-27 12:11:14] User not logged in
[2024-12-27 12:11:34] User not logged in
[2024-12-27 12:13:59] User not logged in
[2024-12-27 12:14:03] User not logged in
[2024-12-27 12:14:51] User not logged in
[2024-12-27 12:15:49] User not logged in
[2024-12-27 12:16:00] User not logged in
[2024-12-27 12:16:25] User not logged in
[2024-12-27 12:16:42] User not logged in
[2024-12-27 12:17:18] User not logged in
[2024-12-27 12:17:22] User not logged in
[2024-12-27 12:19:04] User not logged in
[2024-12-27 12:19:16] User not logged in
[2024-12-27 12:19:21] User not logged in
[2024-12-27 12:19:22] User not logged in
[2024-12-27 12:19:37] User not logged in
[2024-12-27 12:20:16] User not logged in
[2024-12-27 12:23:34] User not logged in
[2024-12-27 12:23:58] User not logged in
[2024-12-27 12:39:34] User not logged in
[2024-12-27 12:40:18] User not logged in
[2024-12-27 12:41:12] User not logged in
[2024-12-27 12:43:56] User not logged in
[2024-12-27 12:46:33] User not logged in
[2024-12-27 12:49:29] User not logged in
[2024-12-27 12:52:20] User not logged in
[2024-12-27 12:52:26] User not logged in
[2024-12-27 12:54:25] User not logged in
[2024-12-27 12:54:53] User not logged in
[2024-12-27 12:59:00] User not logged in
[2024-12-27 12:59:07] User not logged in
[2024-12-27 13:00:23] User not logged in
[2024-12-27 13:01:02] User not logged in
[2024-12-27 13:01:07] User not logged in
[2024-12-27 13:01:09] User not logged in
[2024-12-27 13:01:11] User not logged in
[2024-12-27 13:01:13] User not logged in
[2024-12-27 13:01:17] User not logged in
[2024-12-27 13:01:20] User not logged in
[2024-12-27 13:01:22] User not logged in
[2024-12-27 13:02:21] User not logged in
[2024-12-27 13:03:26] User not logged in
[2024-12-27 13:03:29] User not logged in
[2024-12-27 13:06:18] User not logged in
[2024-12-27 13:08:23] User not logged in
[2024-12-27 13:08:26] User not logged in
[2024-12-27 13:08:49] User not logged in
[2024-12-27 13:09:13] User not logged in
[2024-12-27 13:10:02] User not logged in
[2024-12-27 13:15:37] User not logged in
[2024-12-27 13:15:45] User not logged in
[2024-12-27 13:15:58] User not logged in
[2024-12-27 13:15:58] User not logged in
[2024-12-27 13:16:06] User not logged in
[2024-12-27 13:22:54] Action: count, User ID: 0
[2024-12-27 13:23:43] Action: count, User ID: 0
[2024-12-27 13:28:07] Action: count, User ID: 0
[2024-12-27 13:28:08] User not logged in
[2024-12-27 13:28:11] User not logged in
[2024-12-27 13:28:57] User not logged in
[2024-12-27 13:46:39] User not logged in
[2024-12-27 13:46:39] User not logged in
[2024-12-27 13:46:40] User not logged in
[2024-12-27 13:58:56] User not logged in
[2024-12-27 13:59:19] User not logged in
[2024-12-27 13:59:49] User not logged in
[2024-12-27 13:59:53] User not logged in
[2024-12-27 13:59:53] User not logged in
[2024-12-27 14:00:12] User not logged in
[2024-12-27 14:01:09] Action: count, User ID: 0
[2024-12-27 14:01:13] Action: count, User ID: 0
[2024-12-27 14:01:26] Action: add, User ID: 0
[2024-12-27 14:01:26] Adding to cart - Product ID: 1, Quantity: 1, Size: null
[2024-12-27 14:01:26] SQL Query: SELECT cart_id, quantity FROM cart WHERE user_id = ? AND product_id = ? AND (size_option = ? OR (size_option IS NULL AND ? IS NULL))
Parameters: Array
(
    [0] => 0
    [1] => 1
    [2] => 
    [3] => 
)

[2024-12-27 14:01:26] Inserting new cart item
[2024-12-27 14:01:26] SQL Query: INSERT INTO cart (user_id, product_id, quantity, size_option) VALUES (?, ?, ?, ?)
Parameters: Array
(
    [0] => 0
    [1] => 1
    [2] => 1
    [3] => 
)

[2024-12-27 14:01:26] Cart operation successful
[2024-12-27 14:01:26] Action: count, User ID: 0
[2024-12-27 14:01:27] Action: count, User ID: 0
[2024-12-27 14:01:27] Action: get, User ID: 0
[2024-12-27 14:01:27] Action: get, User ID: 0
[2024-12-27 14:01:56] Action: count, User ID: 0
[2024-12-27 14:14:46] Action: count, User ID: 0
[2024-12-27 14:17:54] Action: count, User ID: 0
[2024-12-27 14:18:33] Action: count, User ID: 0
[2024-12-27 14:18:37] Action: count, User ID: 0
[2024-12-27 14:18:40] Action: count, User ID: 0
[2024-12-27 14:45:00] Action: count, User ID: 0
[2024-12-27 15:20:36] Action: count, User ID: 0
[2024-12-27 15:23:22] Action: count, User ID: 0
[2024-12-27 15:24:08] User not logged in
[2024-12-27 15:24:26] Action: count, User ID: 0
[2024-12-27 15:25:06] Action: count, User ID: 0
[2024-12-27 15:25:13] Action: count, User ID: 0
[2024-12-27 15:25:21] Action: count, User ID: 0
[2024-12-27 15:25:22] Action: count, User ID: 0
[2024-12-27 15:25:24] Action: count, User ID: 0
[2024-12-27 15:25:29] Action: count, User ID: 0
[2024-12-27 15:25:41] Action: add, User ID: 0
[2024-12-27 15:25:41] Adding to cart - Product ID: 1, Quantity: 1, Size: null
[2024-12-27 15:25:41] SQL Query: SELECT cart_id, quantity FROM cart WHERE user_id = ? AND product_id = ? AND (size_option = ? OR (size_option IS NULL AND ? IS NULL))
Parameters: Array
(
    [0] => 0
    [1] => 1
    [2] => 
    [3] => 
)

[2024-12-27 15:25:41] Inserting new cart item
[2024-12-27 15:25:41] SQL Query: INSERT INTO cart (user_id, product_id, quantity, size_option) VALUES (?, ?, ?, ?)
Parameters: Array
(
    [0] => 0
    [1] => 1
    [2] => 1
    [3] => 
)

[2024-12-27 15:25:41] Cart operation successful
[2024-12-27 15:25:41] Action: count, User ID: 0
[2024-12-27 15:25:42] Action: get, User ID: 0
[2024-12-27 15:25:42] Action: count, User ID: 0
[2024-12-27 15:25:42] Action: get, User ID: 0
[2024-12-27 15:30:46] Action: count, User ID: 0
[2024-12-27 15:30:49] Action: count, User ID: 0
[2024-12-27 15:30:49] Action: count, User ID: 0
[2024-12-27 15:30:50] Action: get, User ID: 0
[2024-12-27 15:30:50] Action: count, User ID: 0
[2024-12-27 15:30:50] Action: get, User ID: 0
[2024-12-27 15:33:51] Action: get, User ID: 0
[2024-12-27 15:33:52] Action: count, User ID: 0
[2024-12-27 15:33:52] Action: get, User ID: 0
[2024-12-27 15:33:52] Action: count, User ID: 0
[2024-12-27 15:33:52] Action: count, User ID: 0
[2024-12-27 15:33:54] Action: get, User ID: 0
[2024-12-27 15:33:54] Action: count, User ID: 0
[2024-12-27 15:33:54] Action: get, User ID: 0
[2024-12-27 15:33:55] Action: remove, User ID: 0
[2024-12-27 15:33:55] Action: count, User ID: 0
[2024-12-27 15:33:55] Action: get, User ID: 0
[2024-12-27 15:33:56] Action: count, User ID: 0
[2024-12-27 15:33:56] Action: count, User ID: 0
[2024-12-27 15:34:00] Action: count, User ID: 0
[2024-12-27 15:34:03] Action: add, User ID: 0
[2024-12-27 15:34:03] Adding to cart - Product ID: 4, Quantity: 1, Size: null
[2024-12-27 15:34:03] SQL Query: SELECT cart_id, quantity FROM cart WHERE user_id = ? AND product_id = ? AND (size_option = ? OR (size_option IS NULL AND ? IS NULL))
Parameters: Array
(
    [0] => 0
    [1] => 4
    [2] => 
    [3] => 
)

[2024-12-27 15:34:03] Inserting new cart item
[2024-12-27 15:34:03] SQL Query: INSERT INTO cart (user_id, product_id, quantity, size_option) VALUES (?, ?, ?, ?)
Parameters: Array
(
    [0] => 0
    [1] => 4
    [2] => 1
    [3] => 
)

[2024-12-27 15:34:03] Cart operation successful
[2024-12-27 15:34:03] Action: count, User ID: 0
[2024-12-27 15:34:05] Action: get, User ID: 0
[2024-12-27 15:34:05] Action: count, User ID: 0
[2024-12-27 15:34:05] Action: get, User ID: 0
[2024-12-27 15:34:27] Action: get, User ID: 0
[2024-12-27 15:34:27] Action: count, User ID: 0
[2024-12-27 15:34:27] Action: get, User ID: 0
[2024-12-27 15:34:28] Action: count, User ID: 0
[2024-12-27 15:34:30] Action: count, User ID: 0
[2024-12-27 15:34:30] Action: count, User ID: 0
[2024-12-27 15:48:08] Action: count, User ID: 0
[2024-12-27 15:48:11] Action: add, User ID: 0
[2024-12-27 15:48:11] Adding to cart - Product ID: 2, Quantity: 1, Size: null
[2024-12-27 15:48:11] SQL Query: SELECT cart_id, quantity FROM cart WHERE user_id = ? AND product_id = ? AND (size_option = ? OR (size_option IS NULL AND ? IS NULL))
Parameters: Array
(
    [0] => 0
    [1] => 2
    [2] => 
    [3] => 
)

[2024-12-27 15:48:11] Inserting new cart item
[2024-12-27 15:48:11] SQL Query: INSERT INTO cart (user_id, product_id, quantity, size_option) VALUES (?, ?, ?, ?)
Parameters: Array
(
    [0] => 0
    [1] => 2
    [2] => 1
    [3] => 
)

[2024-12-27 15:48:11] Cart operation successful
[2024-12-27 15:48:11] Action: count, User ID: 0
[2024-12-27 15:48:12] Action: get, User ID: 0
[2024-12-27 15:48:12] Action: count, User ID: 0
[2024-12-27 15:48:12] Action: get, User ID: 0
[2024-12-27 15:48:49] Action: get, User ID: 0
[2024-12-27 15:48:49] Action: count, User ID: 0
[2024-12-27 15:48:49] Action: get, User ID: 0
[2024-12-27 15:48:51] Action: get, User ID: 0
[2024-12-27 15:48:51] Action: count, User ID: 0
[2024-12-27 15:48:51] Action: get, User ID: 0
[2024-12-27 15:48:52] Action: get, User ID: 0
[2024-12-27 15:48:52] Action: count, User ID: 0
[2024-12-27 15:48:52] Action: get, User ID: 0
[2024-12-27 15:48:52] Action: get, User ID: 0
[2024-12-27 15:48:52] Action: count, User ID: 0
[2024-12-27 15:48:52] Action: get, User ID: 0
[2024-12-27 15:49:31] Action: count, User ID: 0
[2024-12-27 15:49:31] Action: count, User ID: 0
[2024-12-27 15:49:32] Action: add, User ID: 0
[2024-12-27 15:49:32] Adding to cart - Product ID: 2, Quantity: 1, Size: null
[2024-12-27 15:49:32] SQL Query: SELECT cart_id, quantity FROM cart WHERE user_id = ? AND product_id = ? AND (size_option = ? OR (size_option IS NULL AND ? IS NULL))
Parameters: Array
(
    [0] => 0
    [1] => 2
    [2] => 
    [3] => 
)

[2024-12-27 15:49:32] Inserting new cart item
[2024-12-27 15:49:32] SQL Query: INSERT INTO cart (user_id, product_id, quantity, size_option) VALUES (?, ?, ?, ?)
Parameters: Array
(
    [0] => 0
    [1] => 2
    [2] => 1
    [3] => 
)

[2024-12-27 15:49:32] Cart operation successful
[2024-12-27 15:49:32] Action: count, User ID: 0
[2024-12-27 15:49:33] Action: count, User ID: 0
[2024-12-27 15:49:34] Action: get, User ID: 0
[2024-12-27 15:49:34] Action: get, User ID: 0
[2024-12-27 15:49:34] Action: count, User ID: 0
[2024-12-27 15:49:55] Action: count, User ID: 0
[2024-12-27 15:49:55] Action: count, User ID: 0
[2024-12-27 15:50:04] Action: count, User ID: 0
[2024-12-27 16:14:44] Action: count, User ID: 0
[2024-12-27 16:24:28] Action: count, User ID: 0
[2024-12-27 16:27:05] Action: count, User ID: 0
[2024-12-27 16:36:00] Action: count, User ID: 0
[2024-12-27 16:36:04] Action: count, User ID: 0
[2024-12-27 16:36:19] Action: count, User ID: 0
[2024-12-27 16:37:13] Action: count, User ID: 0
[2024-12-27 16:37:14] Action: count, User ID: 0
[2024-12-27 16:37:41] Action: count, User ID: 0
[2024-12-27 16:43:02] Action: count, User ID: 0
[2024-12-27 16:43:06] Action: count, User ID: 0
[2024-12-27 16:43:33] Action: count, User ID: 0
[2024-12-27 16:43:33] Action: count, User ID: 0
[2024-12-27 16:45:32] Action: count, User ID: 0
[2024-12-27 16:46:20] Action: count, User ID: 0
[2024-12-27 16:46:32] Action: count, User ID: 0
[2024-12-27 16:46:32] Action: count, User ID: 0
[2024-12-27 16:46:36] Action: get, User ID: 0
[2024-12-27 16:46:36] Action: count, User ID: 0
[2024-12-27 16:46:36] Action: get, User ID: 0
[2024-12-27 16:46:49] Action: count, User ID: 0
[2024-12-27 16:46:49] Action: count, User ID: 0
[2024-12-27 16:47:15] Action: count, User ID: 0
[2024-12-27 16:52:45] Action: count, User ID: 0
[2024-12-27 16:53:02] User not logged in
[2024-12-27 16:53:38] Action: count, User ID: 0
[2024-12-27 16:54:45] Action: count, User ID: 0
[2024-12-27 16:55:06] Action: count, User ID: 0
[2024-12-27 16:55:06] Action: count, User ID: 0
[2024-12-27 16:55:40] Action: count, User ID: 0
[2024-12-27 16:58:02] Action: count, User ID: 0
[2024-12-27 18:49:02] Action: count, User ID: 0
[2024-12-27 18:49:02] Action: count, User ID: 0
[2024-12-27 18:49:09] Action: count, User ID: 0
[2024-12-27 18:49:27] Action: add, User ID: 0
[2024-12-27 18:49:27] Adding to cart - Product ID: 4, Quantity: 1, Size: null
[2024-12-27 18:49:27] SQL Query: SELECT cart_id, quantity FROM cart WHERE user_id = ? AND product_id = ? AND (size_option = ? OR (size_option IS NULL AND ? IS NULL))
Parameters: Array
(
    [0] => 0
    [1] => 4
    [2] => 
    [3] => 
)

[2024-12-27 18:49:27] Inserting new cart item
[2024-12-27 18:49:27] SQL Query: INSERT INTO cart (user_id, product_id, quantity, size_option) VALUES (?, ?, ?, ?)
Parameters: Array
(
    [0] => 0
    [1] => 4
    [2] => 1
    [3] => 
)

[2024-12-27 18:49:27] Cart operation successful
[2024-12-27 18:49:27] Action: count, User ID: 0
[2024-12-27 18:49:29] Action: get, User ID: 0
[2024-12-27 18:49:29] Action: count, User ID: 0
[2024-12-27 18:49:29] Action: get, User ID: 0
[2024-12-27 18:49:31] Action: remove, User ID: 0
[2024-12-27 18:49:31] Action: get, User ID: 0
[2024-12-27 18:49:31] Action: count, User ID: 0
[2024-12-27 19:20:25] Action: count, User ID: 0
